# JRE version: Java(TM) SE Runtime Environment 18.9 (11.0.13+10) (build 11.0.13+10-LTS-370)
# Java VM: Java HotSpot(TM) 64-Bit Server VM 18.9 (11.0.13+10-LTS-370, mixed mode, tiered, compressed oops, g1 gc, bsd-amd64)
Heap:
 garbage-first heap   total 131072K, used 25264K [0x0000000780000000, 0x0000000800000000)
  region size 1024K, 17 young (17408K), 4 survivors (4096K)
 Metaspace       used 23846K, capacity 24669K, committed 24960K, reserved 1071104K
  class space    used 3187K, capacity 3585K, committed 3712K, reserved 1048576K
GC Heap History (6 events):
Event: 0.880 GC heap before
{Heap before GC invocations=0 (full 0):
 garbage-first heap   total 131072K, used 13312K [0x0000000780000000, 0x0000000800000000)
  region size 1024K, 14 young (14336K), 0 survivors (0K)
 Metaspace       used 10931K, capacity 11179K, committed 11520K, reserved 1058816K
  class space    used 1062K, capacity 1173K, committed 1280K, reserved 1048576K
}
Event: 0.897 GC heap after
{Heap after GC invocations=1 (full 0):
 garbage-first heap   total 131072K, used 4212K [0x0000000780000000, 0x0000000800000000)
  region size 1024K, 2 young (2048K), 2 survivors (2048K)
 Metaspace       used 10931K, capacity 11179K, committed 11520K, reserved 1058816K
  class space    used 1062K, capacity 1173K, committed 1280K, reserved 1048576K
}
Event: 1.183 GC heap before
{Heap before GC invocations=1 (full 0):
 garbage-first heap   total 131072K, used 13428K [0x0000000780000000, 0x0000000800000000)
  region size 1024K, 11 young (11264K), 2 survivors (2048K)
 Metaspace       used 13870K, capacity 14253K, committed 14464K, reserved 1062912K
  class space    used 1478K, capacity 1626K, committed 1664K, reserved 1048576K
}
Event: 1.187 GC heap after
{Heap after GC invocations=2 (full 0):
 garbage-first heap   total 131072K, used 5303K [0x0000000780000000, 0x0000000800000000)
  region size 1024K, 1 young (1024K), 1 survivors (1024K)
 Metaspace       used 13870K, capacity 14253K, committed 14464K, reserved 1062912K
  class space    used 1478K, capacity 1626K, committed 1664K, reserved 1048576K
}
Event: 1.961 GC heap before
{Heap before GC invocations=2 (full 0):
 garbage-first heap   total 131072K, used 29879K [0x0000000780000000, 0x0000000800000000)
  region size 1024K, 27 young (27648K), 1 survivors (1024K)
 Metaspace       used 20576K, capacity 21155K, committed 21248K, reserved 1067008K
  class space    used 2700K, capacity 2983K, committed 3072K, reserved 1048576K
}
Event: 1.967 GC heap after
{Heap after GC invocations=3 (full 0):
 garbage-first heap   total 131072K, used 8880K [0x0000000780000000, 0x0000000800000000)
  region size 1024K, 4 young (4096K), 4 survivors (4096K)
 Metaspace       used 20576K, capacity 21155K, committed 21248K, reserved 1067008K
  class space    used 2700K, capacity 2983K, committed 3072K, reserved 1048576K
}

