# JRE version: OpenJDK Runtime Environment Temurin-11.0.13+8 (11.0.13+8) (build 11.0.13+8)
# Java VM: OpenJDK 64-Bit Server VM Temurin-11.0.13+8 (11.0.13+8, mixed mode, tiered, compressed oops, g1 gc, bsd-amd64)
Heap:
 garbage-first heap   total 262144K, used 84349K [0x0000000700000000, 0x0000000800000000)
  region size 1024K, 22 young (22528K), 2 survivors (2048K)
 Metaspace       used 24151K, capacity 25006K, committed 25088K, reserved 1071104K
  class space    used 2924K, capacity 3279K, committed 3328K, reserved 1048576K
GC Heap History (6 events):
Event: 1.522 GC heap before
{Heap before GC invocations=0 (full 0):
 garbage-first heap   total 262144K, used 75776K [0x0000000700000000, 0x0000000800000000)
  region size 1024K, 24 young (24576K), 0 survivors (0K)
 Metaspace       used 13038K, capacity 13394K, committed 13568K, reserved 1060864K
  class space    used 1380K, capacity 1513K, committed 1536K, reserved 1048576K
}
Event: 1.538 GC heap after
{Heap after GC invocations=1 (full 0):
 garbage-first heap   total 262144K, used 57279K [0x0000000700000000, 0x0000000800000000)
  region size 1024K, 3 young (3072K), 3 survivors (3072K)
 Metaspace       used 13038K, capacity 13394K, committed 13568K, reserved 1060864K
  class space    used 1380K, capacity 1513K, committed 1536K, reserved 1048576K
}
Event: 2.498 GC heap before
{Heap before GC invocations=1 (full 0):
 garbage-first heap   total 262144K, used 83903K [0x0000000700000000, 0x0000000800000000)
  region size 1024K, 30 young (30720K), 3 survivors (3072K)
 Metaspace       used 20416K, capacity 21119K, committed 21248K, reserved 1067008K
  class space    used 2685K, capacity 3013K, committed 3072K, reserved 1048576K
}
Event: 2.529 GC heap after
{Heap after GC invocations=2 (full 0):
 garbage-first heap   total 262144K, used 60320K [0x0000000700000000, 0x0000000800000000)
  region size 1024K, 6 young (6144K), 6 survivors (6144K)
 Metaspace       used 20416K, capacity 21119K, committed 21248K, reserved 1067008K
  class space    used 2685K, capacity 3013K, committed 3072K, reserved 1048576K
}
Event: 44.467 GC heap before
{Heap before GC invocations=3 (full 0):
 garbage-first heap   total 262144K, used 93088K [0x0000000700000000, 0x0000000800000000)
  region size 1024K, 32 young (32768K), 6 survivors (6144K)
 Metaspace       used 23719K, capacity 24534K, committed 24832K, reserved 1071104K
  class space    used 2919K, capacity 3273K, committed 3328K, reserved 1048576K
}
Event: 44.504 GC heap after
{Heap after GC invocations=4 (full 0):
 garbage-first heap   total 262144K, used 64893K [0x0000000700000000, 0x0000000800000000)
  region size 1024K, 2 young (2048K), 2 survivors (2048K)
 Metaspace       used 23719K, capacity 24534K, committed 24832K, reserved 1071104K
  class space    used 2919K, capacity 3273K, committed 3328K, reserved 1048576K
}

