# JRE version: Java(TM) SE Runtime Environment (11.0.2+9) (build 11.0.2+9-LTS)
# Java VM: Java HotSpot(TM) 64-Bit Server VM (11.0.2+9-LTS, mixed mode, tiered, compressed oops, g1 gc, bsd-amd64)
Heap:
 garbage-first heap   total 262144K, used 17589K [0x0000000700000000, 0x0000000800000000)
  region size 1024K, 9 young (9216K), 3 survivors (3072K)
 Metaspace       used 26774K, capacity 27797K, committed 28032K, reserved 1073152K
  class space    used 3261K, capacity 3690K, committed 3712K, reserved 1048576K
GC Heap History (6 events):
Event: 1.273 GC heap before
{Heap before GC invocations=0 (full 0):
 garbage-first heap   total 262144K, used 23552K [0x0000000700000000, 0x0000000800000000)
  region size 1024K, 24 young (24576K), 0 survivors (0K)
 Metaspace       used 14485K, capacity 14792K, committed 15104K, reserved 1062912K
  class space    used 1542K, capacity 1683K, committed 1792K, reserved 1048576K
}
Event: 1.286 GC heap after
{Heap after GC invocations=1 (full 0):
 garbage-first heap   total 262144K, used 5178K [0x0000000700000000, 0x0000000800000000)
  region size 1024K, 3 young (3072K), 3 survivors (3072K)
 Metaspace       used 14485K, capacity 14792K, committed 15104K, reserved 1062912K
  class space    used 1542K, capacity 1683K, committed 1792K, reserved 1048576K
}
Event: 2.211 GC heap before
{Heap before GC invocations=1 (full 0):
 garbage-first heap   total 262144K, used 27706K [0x0000000700000000, 0x0000000800000000)
  region size 1024K, 26 young (26624K), 3 survivors (3072K)
 Metaspace       used 20541K, capacity 21188K, committed 21248K, reserved 1067008K
  class space    used 2533K, capacity 2815K, committed 2816K, reserved 1048576K
}
Event: 2.226 GC heap after
{Heap after GC invocations=2 (full 0):
 garbage-first heap   total 262144K, used 8413K [0x0000000700000000, 0x0000000800000000)
  region size 1024K, 7 young (7168K), 7 survivors (7168K)
 Metaspace       used 20541K, capacity 21188K, committed 21248K, reserved 1067008K
  class space    used 2533K, capacity 2815K, committed 2816K, reserved 1048576K
}
Event: 146.776 GC heap before
{Heap before GC invocations=3 (full 0):
 garbage-first heap   total 262144K, used 48349K [0x0000000700000000, 0x0000000800000000)
  region size 1024K, 42 young (43008K), 7 survivors (7168K)
 Metaspace       used 26638K, capacity 27733K, committed 27776K, reserved 1073152K
  class space    used 3260K, capacity 3690K, committed 3712K, reserved 1048576K
}
Event: 146.829 GC heap after
{Heap after GC invocations=4 (full 0):
 garbage-first heap   total 262144K, used 12469K [0x0000000700000000, 0x0000000800000000)
  region size 1024K, 3 young (3072K), 3 survivors (3072K)
 Metaspace       used 26638K, capacity 27733K, committed 27776K, reserved 1073152K
  class space    used 3260K, capacity 3690K, committed 3712K, reserved 1048576K
}

