# JRE version: Java(TM) SE Runtime Environment 18.9 (11.0.13+10) (build 11.0.13+10-LTS-370)
# Java VM: Java HotSpot(TM) 64-Bit Server VM 18.9 (11.0.13+10-LTS-370, mixed mode, tiered, compressed oops, g1 gc, windows-amd64)
Heap:
 garbage-first heap   total 262144K, used 135832K [0x00000000e0000000, 0x0000000100000000)
  region size 1024K, 23 young (23552K), 14 survivors (14336K)
 Metaspace       used 85573K, capacity 88223K, committed 88488K, reserved 331776K
  class space    used 10793K, capacity 11720K, committed 11776K, reserved 253952K
GC Heap History (10 events):
Event: 927.184 GC heap before
{Heap before GC invocations=21 (full 0):
 garbage-first heap   total 262144K, used 208463K [0x00000000e0000000, 0x0000000100000000)
  region size 1024K, 100 young (102400K), 4 survivors (4096K)
 Metaspace       used 75892K, capacity 78273K, committed 78504K, reserved 323584K
  class space    used 9658K, capacity 10449K, committed 10496K, reserved 253952K
}
Event: 927.188 GC heap after
{Heap after GC invocations=22 (full 0):
 garbage-first heap   total 262144K, used 113485K [0x00000000e0000000, 0x0000000100000000)
  region size 1024K, 6 young (6144K), 6 survivors (6144K)
 Metaspace       used 75892K, capacity 78273K, committed 78504K, reserved 323584K
  class space    used 9658K, capacity 10449K, committed 10496K, reserved 253952K
}
Event: 927.592 GC heap before
{Heap before GC invocations=22 (full 0):
 garbage-first heap   total 262144K, used 211789K [0x00000000e0000000, 0x0000000100000000)
  region size 1024K, 104 young (106496K), 6 survivors (6144K)
 Metaspace       used 75893K, capacity 78273K, committed 78504K, reserved 323584K
  class space    used 9658K, capacity 10449K, committed 10496K, reserved 253952K
}
Event: 927.598 GC heap after
{Heap after GC invocations=23 (full 0):
 garbage-first heap   total 262144K, used 115977K [0x00000000e0000000, 0x0000000100000000)
  region size 1024K, 8 young (8192K), 8 survivors (8192K)
 Metaspace       used 75893K, capacity 78273K, committed 78504K, reserved 323584K
  class space    used 9658K, capacity 10449K, committed 10496K, reserved 253952K
}
Event: 928.006 GC heap before
{Heap before GC invocations=23 (full 0):
 garbage-first heap   total 262144K, used 215305K [0x00000000e0000000, 0x0000000100000000)
  region size 1024K, 106 young (108544K), 8 survivors (8192K)
 Metaspace       used 75899K, capacity 78273K, committed 78504K, reserved 323584K
  class space    used 9658K, capacity 10449K, committed 10496K, reserved 253952K
}
Event: 928.014 GC heap after
{Heap after GC invocations=24 (full 0):
 garbage-first heap   total 262144K, used 117705K [0x00000000e0000000, 0x0000000100000000)
  region size 1024K, 8 young (8192K), 8 survivors (8192K)
 Metaspace       used 75899K, capacity 78273K, committed 78504K, reserved 323584K
  class space    used 9658K, capacity 10449K, committed 10496K, reserved 253952K
}
Event: 928.427 GC heap before
{Heap before GC invocations=24 (full 0):
 garbage-first heap   total 262144K, used 218057K [0x00000000e0000000, 0x0000000100000000)
  region size 1024K, 106 young (108544K), 8 survivors (8192K)
 Metaspace       used 75899K, capacity 78273K, committed 78504K, reserved 323584K
  class space    used 9658K, capacity 10449K, committed 10496K, reserved 253952K
}
Event: 928.434 GC heap after
{Heap after GC invocations=25 (full 0):
 garbage-first heap   total 262144K, used 119193K [0x00000000e0000000, 0x0000000100000000)
  region size 1024K, 7 young (7168K), 7 survivors (7168K)
 Metaspace       used 75899K, capacity 78273K, committed 78504K, reserved 323584K
  class space    used 9658K, capacity 10449K, committed 10496K, reserved 253952K
}
Event: 1101.338 GC heap before
{Heap before GC invocations=25 (full 0):
 garbage-first heap   total 262144K, used 219545K [0x00000000e0000000, 0x0000000100000000)
  region size 1024K, 106 young (108544K), 7 survivors (7168K)
 Metaspace       used 85330K, capacity 87928K, committed 88232K, reserved 331776K
  class space    used 10778K, capacity 11696K, committed 11776K, reserved 253952K
}
Event: 1101.352 GC heap after
{Heap after GC invocations=26 (full 0):
 garbage-first heap   total 262144K, used 127640K [0x00000000e0000000, 0x0000000100000000)
  region size 1024K, 14 young (14336K), 14 survivors (14336K)
 Metaspace       used 85330K, capacity 87928K, committed 88232K, reserved 331776K
  class space    used 10778K, capacity 11696K, committed 11776K, reserved 253952K
}

