# JRE version: OpenJDK Runtime Environment Zulu11.50+19-CA (11.0.12+7) (build 11.0.12+7-LTS)
# Java VM: OpenJDK 64-Bit Server VM Zulu11.50+19-CA (11.0.12+7-LTS, mixed mode, tiered, compressed oops, g1 gc, bsd-aarch64)
Heap:
 garbage-first heap   total 262144K, used 14675K [0x00000006c0000000, 0x00000007c0000000)
  region size 1024K, 5 young (5120K), 2 survivors (2048K)
 Metaspace       used 23547K, capacity 24401K, committed 24560K, reserved 1071104K
  class space    used 3156K, capacity 3569K, committed 3648K, reserved 1048576K
GC Heap History (6 events):
Event: 0.653 GC heap before
{Heap before GC invocations=0 (full 0):
 garbage-first heap   total 262144K, used 23552K [0x00000006c0000000, 0x00000007c0000000)
  region size 1024K, 24 young (24576K), 0 survivors (0K)
 Metaspace       used 19128K, capacity 19759K, committed 19968K, reserved 1067008K
  class space    used 2487K, capacity 2780K, committed 2816K, reserved 1048576K
}
Event: 0.657 GC heap after
{Heap after GC invocations=1 (full 0):
 garbage-first heap   total 262144K, used 8848K [0x00000006c0000000, 0x00000007c0000000)
  region size 1024K, 3 young (3072K), 3 survivors (3072K)
 Metaspace       used 19128K, capacity 19759K, committed 19968K, reserved 1067008K
  class space    used 2487K, capacity 2780K, committed 2816K, reserved 1048576K
}
Event: 0.693 GC heap before
{Heap before GC invocations=1 (full 0):
 garbage-first heap   total 262144K, used 11920K [0x00000006c0000000, 0x00000007c0000000)
  region size 1024K, 7 young (7168K), 3 survivors (3072K)
 Metaspace       used 20544K, capacity 21281K, committed 21296K, reserved 1067008K
  class space    used 2831K, capacity 3188K, committed 3200K, reserved 1048576K
}
Event: 0.695 GC heap after
{Heap after GC invocations=2 (full 0):
 garbage-first heap   total 262144K, used 9287K [0x00000006c0000000, 0x00000007c0000000)
  region size 1024K, 4 young (4096K), 4 survivors (4096K)
 Metaspace       used 20544K, capacity 21281K, committed 21296K, reserved 1067008K
  class space    used 2831K, capacity 3188K, committed 3200K, reserved 1048576K
}
Event: 9.866 GC heap before
{Heap before GC invocations=3 (full 0):
 garbage-first heap   total 262144K, used 19527K [0x00000006c0000000, 0x00000007c0000000)
  region size 1024K, 12 young (12288K), 4 survivors (4096K)
 Metaspace       used 23388K, capacity 24250K, committed 24560K, reserved 1071104K
  class space    used 3145K, capacity 3561K, committed 3648K, reserved 1048576K
}
Event: 9.876 GC heap after
{Heap after GC invocations=4 (full 0):
 garbage-first heap   total 262144K, used 12627K [0x00000006c0000000, 0x00000007c0000000)
  region size 1024K, 2 young (2048K), 2 survivors (2048K)
 Metaspace       used 23388K, capacity 24250K, committed 24560K, reserved 1071104K
  class space    used 3145K, capacity 3561K, committed 3648K, reserved 1048576K
}

